# JRE version: OpenJDK Runtime Environment (8.0_152) (build 1.8.0_152-release-1343-b16-5323222)
# Java VM: OpenJDK 64-Bit Server VM (25.152-b16-5323222 mixed mode linux-amd64 compressed oops)
Heap:
 PSYoungGen      total 416768K, used 0K [0x00000000e0000000, 0x0000000100000000, 0x0000000100000000)
  eden space 314880K, 0% used [0x00000000e0000000,0x00000000e0000000,0x00000000f3380000)
  from space 101888K, 0% used [0x00000000f9980000,0x00000000f9980000,0x00000000ffd00000)
  to   space 104448K, 0% used [0x00000000f3380000,0x00000000f3380000,0x00000000f9980000)
 ParOldGen       total 324608K, used 155321K [0x00000000a0000000, 0x00000000b3d00000, 0x00000000e0000000)
  object space 324608K, 47% used [0x00000000a0000000,0x00000000a97ae518,0x00000000b3d00000)
 Metaspace       used 134713K, capacity 140240K, committed 175912K, reserved 1200128K
  class space    used 16453K, capacity 17603K, committed 25384K, reserved 1048576K
GC Heap History (10 events):
Event: 8499.341 GC heap after
Heap after GC invocations=66 (full 10):
 PSYoungGen      total 387072K, used 58196K [0x00000000e0000000, 0x00000000ff180000, 0x0000000100000000)
  eden space 284160K, 0% used [0x00000000e0000000,0x00000000e0000000,0x00000000f1580000)
  from space 102912K, 56% used [0x00000000f8d00000,0x00000000fc5d51c0,0x00000000ff180000)
  to   space 112640K, 0% used [0x00000000f1580000,0x00000000f1580000,0x00000000f8380000)
 ParOldGen       total 324608K, used 208265K [0x00000000a0000000, 0x00000000b3d00000, 0x00000000e0000000)
  object space 324608K, 64% used [0x00000000a0000000,0x00000000acb626f8,0x00000000b3d00000)
 Metaspace       used 125432K, capacity 130384K, committed 175912K, reserved 1200128K
  class space    used 15185K, capacity 16235K, committed 25384K, reserved 1048576K
}
Event: 12022.258 GC heap before
{Heap before GC invocations=67 (full 10):
 PSYoungGen      total 387072K, used 342356K [0x00000000e0000000, 0x00000000ff180000, 0x0000000100000000)
  eden space 284160K, 100% used [0x00000000e0000000,0x00000000f1580000,0x00000000f1580000)
  from space 102912K, 56% used [0x00000000f8d00000,0x00000000fc5d51c0,0x00000000ff180000)
  to   space 112640K, 0% used [0x00000000f1580000,0x00000000f1580000,0x00000000f8380000)
 ParOldGen       total 324608K, used 208265K [0x00000000a0000000, 0x00000000b3d00000, 0x00000000e0000000)
  object space 324608K, 64% used [0x00000000a0000000,0x00000000acb626f8,0x00000000b3d00000)
 Metaspace       used 126157K, capacity 131062K, committed 175912K, reserved 1200128K
  class space    used 15247K, capacity 16310K, committed 25384K, reserved 1048576K
Event: 12022.300 GC heap after
Heap after GC invocations=67 (full 10):
 PSYoungGen      total 396800K, used 26751K [0x00000000e0000000, 0x0000000100000000, 0x0000000100000000)
  eden space 284160K, 0% used [0x00000000e0000000,0x00000000e0000000,0x00000000f1580000)
  from space 112640K, 23% used [0x00000000f1580000,0x00000000f2f9fe40,0x00000000f8380000)
  to   space 111616K, 0% used [0x00000000f9300000,0x00000000f9300000,0x0000000100000000)
 ParOldGen       total 324608K, used 211356K [0x00000000a0000000, 0x00000000b3d00000, 0x00000000e0000000)
  object space 324608K, 65% used [0x00000000a0000000,0x00000000ace670a0,0x00000000b3d00000)
 Metaspace       used 126157K, capacity 131062K, committed 175912K, reserved 1200128K
  class space    used 15247K, capacity 16310K, committed 25384K, reserved 1048576K
}
Event: 12024.843 GC heap before
{Heap before GC invocations=68 (full 10):
 PSYoungGen      total 396800K, used 310911K [0x00000000e0000000, 0x0000000100000000, 0x0000000100000000)
  eden space 284160K, 100% used [0x00000000e0000000,0x00000000f1580000,0x00000000f1580000)
  from space 112640K, 23% used [0x00000000f1580000,0x00000000f2f9fe40,0x00000000f8380000)
  to   space 111616K, 0% used [0x00000000f9300000,0x00000000f9300000,0x0000000100000000)
 ParOldGen       total 324608K, used 211356K [0x00000000a0000000, 0x00000000b3d00000, 0x00000000e0000000)
  object space 324608K, 65% used [0x00000000a0000000,0x00000000ace670a0,0x00000000b3d00000)
 Metaspace       used 127607K, capacity 132638K, committed 175912K, reserved 1200128K
  class space    used 15400K, capacity 16492K, committed 25384K, reserved 1048576K
Event: 12024.899 GC heap after
Heap after GC invocations=68 (full 10):
 PSYoungGen      total 400384K, used 48086K [0x00000000e0000000, 0x00000000ff500000, 0x0000000100000000)
  eden space 300032K, 0% used [0x00000000e0000000,0x00000000e0000000,0x00000000f2500000)
  from space 100352K, 47% used [0x00000000f9300000,0x00000000fc1f59e0,0x00000000ff500000)
  to   space 106496K, 0% used [0x00000000f2500000,0x00000000f2500000,0x00000000f8d00000)
 ParOldGen       total 324608K, used 217027K [0x00000000a0000000, 0x00000000b3d00000, 0x00000000e0000000)
  object space 324608K, 66% used [0x00000000a0000000,0x00000000ad3f0e30,0x00000000b3d00000)
 Metaspace       used 127607K, capacity 132638K, committed 175912K, reserved 1200128K
  class space    used 15400K, capacity 16492K, committed 25384K, reserved 1048576K
}
Event: 12026.135 GC heap before
{Heap before GC invocations=69 (full 10):
 PSYoungGen      total 400384K, used 348118K [0x00000000e0000000, 0x00000000ff500000, 0x0000000100000000)
  eden space 300032K, 100% used [0x00000000e0000000,0x00000000f2500000,0x00000000f2500000)
  from space 100352K, 47% used [0x00000000f9300000,0x00000000fc1f59e0,0x00000000ff500000)
  to   space 106496K, 0% used [0x00000000f2500000,0x00000000f2500000,0x00000000f8d00000)
 ParOldGen       total 324608K, used 217027K [0x00000000a0000000, 0x00000000b3d00000, 0x00000000e0000000)
  object space 324608K, 66% used [0x00000000a0000000,0x00000000ad3f0e30,0x00000000b3d00000)
 Metaspace       used 131331K, capacity 136520K, committed 175912K, reserved 1200128K
  class space    used 15913K, capacity 17045K, committed 25384K, reserved 1048576K
Event: 12026.522 GC heap after
Heap after GC invocations=69 (full 10):
 PSYoungGen      total 406528K, used 53876K [0x00000000e0000000, 0x00000000ffd00000, 0x0000000100000000)
  eden space 300032K, 0% used [0x00000000e0000000,0x00000000e0000000,0x00000000f2500000)
  from space 106496K, 50% used [0x00000000f2500000,0x00000000f599d0e8,0x00000000f8d00000)
  to   space 101888K, 0% used [0x00000000f9980000,0x00000000f9980000,0x00000000ffd00000)
 ParOldGen       total 324608K, used 257829K [0x00000000a0000000, 0x00000000b3d00000, 0x00000000e0000000)
  object space 324608K, 79% used [0x00000000a0000000,0x00000000afbc95d0,0x00000000b3d00000)
 Metaspace       used 131331K, capacity 136520K, committed 175912K, reserved 1200128K
  class space    used 15913K, capacity 17045K, committed 25384K, reserved 1048576K
}
Event: 12028.003 GC heap before
{Heap before GC invocations=70 (full 10):
 PSYoungGen      total 406528K, used 353908K [0x00000000e0000000, 0x00000000ffd00000, 0x0000000100000000)
  eden space 300032K, 100% used [0x00000000e0000000,0x00000000f2500000,0x00000000f2500000)
  from space 106496K, 50% used [0x00000000f2500000,0x00000000f599d0e8,0x00000000f8d00000)
  to   space 101888K, 0% used [0x00000000f9980000,0x00000000f9980000,0x00000000ffd00000)
 ParOldGen       total 324608K, used 257829K [0x00000000a0000000, 0x00000000b3d00000, 0x00000000e0000000)
  object space 324608K, 79% used [0x00000000a0000000,0x00000000afbc95d0,0x00000000b3d00000)
 Metaspace       used 139012K, capacity 144842K, committed 175912K, reserved 1200128K
  class space    used 16953K, capacity 18200K, committed 25384K, reserved 1048576K
Event: 12028.216 GC heap after
Heap after GC invocations=70 (full 10):
 PSYoungGen      total 416768K, used 7898K [0x00000000e0000000, 0x0000000100000000, 0x0000000100000000)
  eden space 314880K, 0% used [0x00000000e0000000,0x00000000e0000000,0x00000000f3380000)
  from space 101888K, 7% used [0x00000000f9980000,0x00000000fa136ba0,0x00000000ffd00000)
  to   space 104448K, 0% used [0x00000000f3380000,0x00000000f3380000,0x00000000f9980000)
 ParOldGen       total 324608K, used 307441K [0x00000000a0000000, 0x00000000b3d00000, 0x00000000e0000000)
  object space 324608K, 94% used [0x00000000a0000000,0x00000000b2c3c448,0x00000000b3d00000)
 Metaspace       used 139012K, capacity 144842K, committed 175912K, reserved 1200128K
  class space    used 16953K, capacity 18200K, committed 25384K, reserved 1048576K
}
Event: 12028.320 GC heap before
{Heap before GC invocations=71 (full 11):
 PSYoungGen      total 416768K, used 7898K [0x00000000e0000000, 0x0000000100000000, 0x0000000100000000)
  eden space 314880K, 0% used [0x00000000e0000000,0x00000000e0000000,0x00000000f3380000)
  from space 101888K, 7% used [0x00000000f9980000,0x00000000fa136ba0,0x00000000ffd00000)
  to   space 104448K, 0% used [0x00000000f3380000,0x00000000f3380000,0x00000000f9980000)
 ParOldGen       total 324608K, used 307441K [0x00000000a0000000, 0x00000000b3d00000, 0x00000000e0000000)
  object space 324608K, 94% used [0x00000000a0000000,0x00000000b2c3c448,0x00000000b3d00000)
 Metaspace       used 139012K, capacity 144842K, committed 175912K, reserved 1200128K
  class space    used 16953K, capacity 18200K, committed 25384K, reserved 1048576K

